<?xml version="1.0" ?>
<coverage version="7.6.0" timestamp="1743674890602" lines-valid="4" lines-covered="4" line-rate="1" branches-covered="0" branches-valid="0" branch-rate="0" complexity="0">
	<!-- Generated by coverage.py: https://coverage.readthedocs.io/en/7.6.0 -->
	<!-- Based on https://raw.githubusercontent.com/cobertura/web/master/htdocs/xml/coverage-04.dtd -->
	<sources>
		<source></source>
	</sources>
	<packages>
		<package name="C:.Users.veron.OneDrive.Desktop.CEFOTEC.Herramientas de automatización 2.Git.soft-309.Duplicados" line-rate="1" branch-rate="0" complexity="0">
			<classes>
				<class name="add.py" filename="C:/Users/veron/OneDrive/Desktop/CEFOTEC/Herramientas de automatización 2/Git/soft-309/Duplicados/add.py" complexity="0" line-rate="1" branch-rate="0">
					<methods/>
					<lines>
						<line number="1" hits="1"/>
						<line number="11" hits="1"/>
						<line number="12" hits="1"/>
						<line number="13" hits="1"/>
					</lines>
				</class>
			</classes>
		</package>
	</packages>
</coverage>
